[debug] [2025-02-15T07:32:03.381Z] ----------------------------------------------------------------------
[debug] [2025-02-15T07:32:03.383Z] Command:       C:\Program Files\nodejs\node.exe C:\Users\USUARIO\AppData\Roaming\npm\node_modules\firebase-tools\lib\bin\firebase.js init
[debug] [2025-02-15T07:32:03.383Z] CLI Version:   13.31.1
[debug] [2025-02-15T07:32:03.384Z] Platform:      win32
[debug] [2025-02-15T07:32:03.384Z] Node Version:  v22.12.0
[debug] [2025-02-15T07:32:03.384Z] Time:          Sat Feb 15 2025 02:32:03 GMT-0500 (hora estándar de Perú)
[debug] [2025-02-15T07:32:03.384Z] ----------------------------------------------------------------------
[debug] 
[debug] [2025-02-15T07:32:03.529Z] > command requires scopes: ["email","openid","https://www.googleapis.com/auth/cloudplatformprojects.readonly","https://www.googleapis.com/auth/firebase","https://www.googleapis.com/auth/cloud-platform"]
[debug] [2025-02-15T07:32:03.529Z] > authorizing via signed-in user (sergioandregomezvallejos@gmail.com)
[info] 
     ######## #### ########  ######## ########     ###     ######  ########
     ##        ##  ##     ## ##       ##     ##  ##   ##  ##       ##
     ######    ##  ########  ######   ########  #########  ######  ######
     ##        ##  ##    ##  ##       ##     ## ##     ##       ## ##
     ##       #### ##     ## ######## ########  ##     ##  ######  ########

You're about to initialize a Firebase project in this directory:

  C:\Users\USUARIO\IdeaProjects\Proyecto 14 de febrero\pagina-14

Before we get started, keep in mind:

  * You are initializing within an existing Firebase project directory

